<?xml version="1.0" encoding="UTF-8"?>
<!-- Generated by org.testng.reporters.JUnitXMLReporter -->
<testsuite ignored="1" hostname="DESKTOP-032BQ8K" failures="0" tests="2" name="Default test" time="39.6" errors="0" timestamp="2022-09-20T15:47:58 IST">
  <testcase classname="tests.AccountLoginTest" name="accountLoginFunctionalityValidation" time="6.781"/>
  <testcase classname="tests.AccountLoginTest" name="accountLoginFunctionalityValidation" time="6.541"/>
  <testcase classname="tests.AccountLoginTest" name="accountLoginTitle" time="0.0">
    <ignored/>
  </testcase> <!-- accountLoginTitle -->
</testsuite> <!-- Default test -->
