<?xml version="1.0" encoding="UTF-8"?>
<!-- Generated by org.testng.reporters.JUnitXMLReporter -->
<testsuite ignored="2" hostname="DESKTOP-032BQ8K" failures="0" tests="1" name="Default test" time="24.244" errors="0" timestamp="2022-09-21T13:42:47 IST">
  <testcase classname="tests.WindowsHandlingTest" name="mouseAcctionMovingAndClickingElement" time="24.193"/>
  <testcase classname="tests.WindowsHandlingTest" name="swithToAlredyOpenedWindows" time="0.0">
    <ignored/>
  </testcase> <!-- swithToAlredyOpenedWindows -->
  <testcase classname="tests.WindowsHandlingTest" name="switchToWindowHandle" time="0.0">
    <ignored/>
  </testcase> <!-- switchToWindowHandle -->
</testsuite> <!-- Default test -->
