<?xml version="1.0" encoding="UTF-8"?>
<!-- Generated by org.testng.reporters.JUnitXMLReporter -->
<testsuite ignored="1" hostname="DESKTOP-032BQ8K" failures="0" tests="1" name="Test" time="9.47" errors="0" timestamp="2022-09-20T18:17:39 IST">
  <testcase classname="tests.YourStoreTest" name="navigateToLoginPageValidation" time="0.569"/>
  <testcase classname="tests.YourStoreTest" name="yourStoreTitleValidation" time="0.0">
    <ignored/>
  </testcase> <!-- yourStoreTitleValidation -->
</testsuite> <!-- Test -->
