<?xml version="1.0" encoding="UTF-8"?>
<!-- Generated by org.testng.reporters.JUnitXMLReporter -->
<testsuite ignored="1" hostname="DESKTOP-032BQ8K" failures="0" tests="2" name="Test1" time="39.126" errors="0" timestamp="2022-09-20T18:18:19 IST">
  <testcase classname="tests.AccountLoginTest" name="accountLoginFunctionalityValidation" time="7.493"/>
  <testcase classname="tests.AccountLoginTest" name="accountLoginFunctionalityValidation" time="6.984"/>
  <testcase classname="tests.AccountLoginTest" name="accountLoginTitle" time="0.0">
    <ignored/>
  </testcase> <!-- accountLoginTitle -->
</testsuite> <!-- Test1 -->
