<?xml version="1.0" encoding="UTF-8"?>
<!-- Generated by org.testng.reporters.JUnitXMLReporter -->
<testsuite ignored="1" hostname="DESKTOP-032BQ8K" failures="0" tests="2" name="Test1" time="36.425" errors="0" timestamp="2022-09-20T22:51:30 IST">
  <testcase classname="tests.AccountLoginTest" name="accountLoginFunctionalityValidation" time="6.773"/>
  <testcase classname="tests.AccountLoginTest" name="accountLoginFunctionalityValidation" time="6.604"/>
  <testcase classname="tests.AccountLoginTest" name="accountLoginTitle" time="0.0">
    <ignored/>
  </testcase> <!-- accountLoginTitle -->
</testsuite> <!-- Test1 -->
