<?xml version="1.0" encoding="UTF-8"?>
<testng-results ignored="3" total="6" passed="3" failed="0" skipped="0">
  <reporter-output>
  </reporter-output>
  <suite started-at="2022-09-20T22:50:43 IST" name="Suite" finished-at="2022-09-20T22:51:30 IST" duration-ms="47782">
    <groups>
      <group name="smoke">
        <method signature="YourStoreTest.navigateToLoginPageValidation()[pri:1, instance:tests.YourStoreTest@4bb33f74]" name="navigateToLoginPageValidation" class="tests.YourStoreTest"/>
        <method signature="AccountLoginTest.accountLoginFunctionalityValidation(java.lang.String,java.lang.String,java.lang.String)[pri:1, instance:tests.AccountLoginTest@4b0d79fc]" name="accountLoginFunctionalityValidation" class="tests.AccountLoginTest"/>
      </group> <!-- smoke -->
    </groups>
    <test started-at="2022-09-20T22:50:43 IST" name="Test" finished-at="2022-09-20T22:50:54 IST" duration-ms="11330">
      <class name="tests.YourStoreTest">
        <test-method is-config="true" signature="setUp()[pri:0, instance:tests.YourStoreTest@4bb33f74]" started-at="2022-09-20T22:50:43 IST" name="setUp" finished-at="2022-09-20T22:50:53 IST" duration-ms="10116" status="PASS">
          <reporter-output>
          </reporter-output>
        </test-method> <!-- setUp -->
        <test-method signature="navigateToLoginPageValidation()[pri:1, instance:tests.YourStoreTest@4bb33f74]" started-at="2022-09-20T22:50:53 IST" name="navigateToLoginPageValidation" finished-at="2022-09-20T22:50:53 IST" duration-ms="437" status="PASS">
          <reporter-output>
          </reporter-output>
        </test-method> <!-- navigateToLoginPageValidation -->
        <test-method is-config="true" signature="tearDown()[pri:0, instance:tests.YourStoreTest@4bb33f74]" started-at="2022-09-20T22:50:53 IST" name="tearDown" finished-at="2022-09-20T22:50:54 IST" duration-ms="716" status="PASS">
          <reporter-output>
          </reporter-output>
        </test-method> <!-- tearDown -->
      </class> <!-- tests.YourStoreTest -->
    </test> <!-- Test -->
    <test started-at="2022-09-20T22:50:54 IST" name="Test1" finished-at="2022-09-20T22:51:30 IST" duration-ms="36425">
      <class name="tests.AccountLoginTest">
        <test-method is-config="true" signature="setUp()[pri:0, instance:tests.AccountLoginTest@4b0d79fc]" started-at="2022-09-20T22:50:55 IST" name="setUp" finished-at="2022-09-20T22:51:05 IST" duration-ms="9903" status="PASS">
          <reporter-output>
          </reporter-output>
        </test-method> <!-- setUp -->
        <test-method signature="accountLoginFunctionalityValidation(java.lang.String,java.lang.String,java.lang.String)[pri:1, instance:tests.AccountLoginTest@4b0d79fc]" started-at="2022-09-20T22:51:05 IST" name="accountLoginFunctionalityValidation" data-provider="gettingExcelData" finished-at="2022-09-20T22:51:12 IST" duration-ms="6773" status="PASS">
          <params>
            <param index="0">
              <value>
                <![CDATA[arun.selenium11@gmail.com]]>
              </value>
            </param>
            <param index="1">
              <value>
                <![CDATA[Second@123]]>
              </value>
            </param>
            <param index="2">
              <value>
                <![CDATA[My Account]]>
              </value>
            </param>
          </params>
          <reporter-output>
          </reporter-output>
        </test-method> <!-- accountLoginFunctionalityValidation -->
        <test-method is-config="true" signature="tearDown()[pri:0, instance:tests.AccountLoginTest@4b0d79fc]" started-at="2022-09-20T22:51:12 IST" name="tearDown" finished-at="2022-09-20T22:51:13 IST" duration-ms="1020" status="PASS">
          <reporter-output>
          </reporter-output>
        </test-method> <!-- tearDown -->
        <test-method is-config="true" signature="setUp()[pri:0, instance:tests.AccountLoginTest@4b0d79fc]" started-at="2022-09-20T22:51:13 IST" name="setUp" finished-at="2022-09-20T22:51:23 IST" duration-ms="10013" status="PASS">
          <reporter-output>
          </reporter-output>
        </test-method> <!-- setUp -->
        <test-method signature="accountLoginFunctionalityValidation(java.lang.String,java.lang.String,java.lang.String)[pri:1, instance:tests.AccountLoginTest@4b0d79fc]" started-at="2022-09-20T22:51:23 IST" name="accountLoginFunctionalityValidation" data-provider="gettingExcelData" finished-at="2022-09-20T22:51:29 IST" duration-ms="6604" status="PASS">
          <params>
            <param index="0">
              <value>
                <![CDATA[invalid]]>
              </value>
            </param>
            <param index="1">
              <value>
                <![CDATA[invalid]]>
              </value>
            </param>
            <param index="2">
              <value>
                <![CDATA[Account Login]]>
              </value>
            </param>
          </params>
          <reporter-output>
          </reporter-output>
        </test-method> <!-- accountLoginFunctionalityValidation -->
        <test-method is-config="true" signature="tearDown()[pri:0, instance:tests.AccountLoginTest@4b0d79fc]" started-at="2022-09-20T22:51:29 IST" name="tearDown" finished-at="2022-09-20T22:51:30 IST" duration-ms="838" status="PASS">
          <reporter-output>
          </reporter-output>
        </test-method> <!-- tearDown -->
      </class> <!-- tests.AccountLoginTest -->
    </test> <!-- Test1 -->
    <test started-at="2022-09-20T22:51:30 IST" name="Test2" finished-at="2022-09-20T22:51:30 IST" duration-ms="2">
    </test> <!-- Test2 -->
  </suite> <!-- Suite -->
</testng-results>
