<?xml version="1.0" encoding="UTF-8"?>
<testng-results ignored="2" total="3" passed="1" failed="0" skipped="0">
  <reporter-output>
  </reporter-output>
  <suite started-at="2022-09-21T13:42:23 IST" name="Default suite" finished-at="2022-09-21T13:42:47 IST" duration-ms="24244">
    <groups>
    </groups>
    <test started-at="2022-09-21T13:42:23 IST" name="Default test" finished-at="2022-09-21T13:42:47 IST" duration-ms="24244">
      <class name="tests.WindowsHandlingTest">
        <test-method signature="mouseAcctionMovingAndClickingElement()[pri:0, instance:tests.WindowsHandlingTest@1e683a3e]" started-at="2022-09-21T13:42:23 IST" name="mouseAcctionMovingAndClickingElement" finished-at="2022-09-21T13:42:47 IST" duration-ms="24193" status="PASS">
          <reporter-output>
          </reporter-output>
        </test-method> <!-- mouseAcctionMovingAndClickingElement -->
      </class> <!-- tests.WindowsHandlingTest -->
    </test> <!-- Default test -->
  </suite> <!-- Default suite -->
</testng-results>
